2026-04-06 20:48:39,782 [INFO] repys: ============================================================
2026-04-06 20:48:39,798 [INFO] repys: REPYS 2.0 başlatılıyor…
2026-04-06 20:48:39,954 [INFO] repys.db: DB açıldı: c:\Users\user\Desktop\Python Program\RADPYS\data\repys.db
2026-04-06 20:48:39,974 [INFO] repys.db.migration: Migration v1 uygulanıyor…
2026-04-06 20:48:40,110 [INFO] repys.db.migration: v1: Tüm tablolar ve indeksler oluşturuldu.
2026-04-06 20:48:40,138 [INFO] repys.db.seed: Seed data yüklendi.
2026-04-06 20:48:40,208 [INFO] repys.db.migration: Migration v1 tamamlandı.
2026-04-06 20:48:40,208 [INFO] repys.db.migration: DB v1 sürümüne getirildi.
2026-04-06 21:21:45,401 [INFO] repys.db: DB kapatıldı: c:\Users\user\Desktop\Python Program\RADPYS\data\repys.db
2026-04-06 21:47:17,006 [INFO] repys: ============================================================
2026-04-06 21:47:17,006 [INFO] repys: REPYS 2.0 başlatılıyor…
2026-04-06 21:47:17,053 [INFO] repys.db: DB açıldı: c:\Users\user\Desktop\Python Program\RADPYS\data\repys.db
2026-04-06 21:47:17,053 [INFO] repys.db.migration: DB güncel (v1), migration gerek yok.
2026-04-06 21:47:42,528 [INFO] repys.db: DB kapatıldı: c:\Users\user\Desktop\Python Program\RADPYS\data\repys.db
2026-04-06 21:49:21,270 [INFO] repys: ============================================================
2026-04-06 21:49:21,271 [INFO] repys: REPYS 2.0 başlatılıyor…
2026-04-06 21:49:21,282 [INFO] repys.db: DB açıldı: c:\Users\user\Desktop\Python Program\RADPYS\data\repys.db
2026-04-06 21:49:21,282 [INFO] repys.db.migration: DB güncel (v1), migration gerek yok.
2026-04-06 21:49:41,333 [INFO] repys.db: DB kapatıldı: c:\Users\user\Desktop\Python Program\RADPYS\data\repys.db
2026-04-06 21:55:42,850 [INFO] repys: ============================================================
2026-04-06 21:55:42,850 [INFO] repys: REPYS 2.0 başlatılıyor…
2026-04-06 21:55:42,859 [INFO] repys.db: DB açıldı: c:\Users\user\Desktop\Python Program\RADPYS\data\repys.db
2026-04-06 21:55:42,859 [INFO] repys.db.migration: DB güncel (v1), migration gerek yok.
2026-04-06 21:55:58,458 [INFO] repys.db: DB kapatıldı: c:\Users\user\Desktop\Python Program\RADPYS\data\repys.db
2026-04-07 08:04:49,505 [INFO] repys: ============================================================
2026-04-07 08:04:49,506 [INFO] repys: REPYS 2.0 başlatılıyor…
2026-04-07 08:04:49,535 [INFO] repys.db: DB açıldı: c:\Users\HP\Desktop\Yeni klasör\REPYS\RADPYS\data\repys.db
2026-04-07 08:04:49,536 [INFO] repys.db.migration: DB güncel (v1), migration gerek yok.
2026-04-07 08:38:42,137 [INFO] repys: ============================================================
2026-04-07 08:38:42,139 [INFO] repys: REPYS 2.0 başlatılıyor…
2026-04-07 08:38:42,158 [INFO] repys.db: DB açıldı: c:\Users\HP\Desktop\Yeni klasör\REPYS\RADPYS\data\repys.db
2026-04-07 08:38:42,158 [INFO] repys.db.migration: DB güncel (v1), migration gerek yok.
2026-04-07 08:44:09,327 [INFO] repys.db: DB kapatıldı: c:\Users\HP\Desktop\Yeni klasör\REPYS\RADPYS\data\repys.db
2026-04-07 08:49:15,727 [INFO] repys: ============================================================
2026-04-07 08:49:15,728 [INFO] repys: REPYS 2.0 başlatılıyor…
2026-04-07 08:49:15,738 [INFO] repys.db: DB açıldı: c:\Users\HP\Desktop\Yeni klasör\REPYS\RADPYS\data\repys.db
2026-04-07 08:49:15,738 [INFO] repys.db.migration: DB güncel (v1), migration gerek yok.
2026-04-07 08:50:36,640 [INFO] repys: ============================================================
2026-04-07 08:50:36,641 [INFO] repys: REPYS 2.0 başlatılıyor…
2026-04-07 08:50:36,646 [INFO] repys.db: DB açıldı: c:\Users\HP\Desktop\Yeni klasör\REPYS\RADPYS\data\repys.db
2026-04-07 08:50:36,647 [INFO] repys.db.migration: DB güncel (v1), migration gerek yok.
2026-04-07 08:51:38,703 [INFO] repys.db: DB kapatıldı: c:\Users\HP\Desktop\Yeni klasör\REPYS\RADPYS\data\repys.db
2026-04-07 08:52:40,082 [INFO] repys: ============================================================
2026-04-07 08:52:40,082 [INFO] repys: REPYS 2.0 başlatılıyor…
2026-04-07 08:52:40,087 [INFO] repys.db: DB açıldı: c:\Users\HP\Desktop\Yeni klasör\REPYS\RADPYS\data\repys.db
2026-04-07 08:52:40,087 [INFO] repys.db.migration: DB güncel (v1), migration gerek yok.
2026-04-07 08:53:52,346 [INFO] repys.db: DB kapatıldı: c:\Users\HP\Desktop\Yeni klasör\REPYS\RADPYS\data\repys.db
2026-04-07 08:53:52,490 [INFO] repys: ============================================================
2026-04-07 08:53:52,491 [INFO] repys: REPYS 2.0 başlatılıyor…
2026-04-07 08:53:52,497 [INFO] repys.db: DB açıldı: c:\Users\HP\Desktop\Yeni klasör\REPYS\RADPYS\data\repys.db
2026-04-07 08:53:52,499 [INFO] repys.db.migration: DB güncel (v1), migration gerek yok.
2026-04-07 08:53:57,375 [INFO] repys.db: DB kapatıldı: c:\Users\HP\Desktop\Yeni klasör\REPYS\RADPYS\data\repys.db
2026-04-07 08:57:07,899 [INFO] repys: ============================================================
2026-04-07 08:57:07,899 [INFO] repys: REPYS 2.0 başlatılıyor…
2026-04-07 08:57:07,904 [INFO] repys.db: DB açıldı: c:\Users\HP\Desktop\Yeni klasör\REPYS\RADPYS\data\repys.db
2026-04-07 08:57:07,905 [INFO] repys.db.migration: DB güncel (v1), migration gerek yok.
2026-04-07 09:02:37,329 [INFO] repys.db: DB kapatıldı: c:\Users\HP\Desktop\Yeni klasör\REPYS\RADPYS\data\repys.db
2026-04-07 09:02:54,081 [INFO] repys: REPYS 2.0 başlatılıyor…
2026-04-07 09:02:54,091 [INFO] repys.db: DB açıldı: c:\Users\HP\Desktop\Yeni klasör\REPYS\RADPYS\data\repys.db
2026-04-07 09:02:54,091 [INFO] repys.db.migration: DB güncel (v1), migration gerek yok.
2026-04-07 09:05:05,659 [INFO] repys.db: DB kapatıldı: c:\Users\HP\Desktop\Yeni klasör\REPYS\RADPYS\data\repys.db
2026-04-07 09:25:56,877 [INFO] repys: REPYS 2.0 başlatılıyor…
2026-04-07 09:25:56,898 [INFO] repys.db: DB açıldı: c:\Users\HP\Desktop\Yeni klasör\REPYS\RADPYS\data\repys.db
2026-04-07 09:25:56,898 [INFO] repys.db.migration: DB güncel (v1), migration gerek yok.
2026-04-07 09:26:00,866 [INFO] repys.db: DB kapatıldı: c:\Users\HP\Desktop\Yeni klasör\REPYS\RADPYS\data\repys.db
2026-04-07 11:50:08,012 [INFO] repys: REPYS 2.0 başlatılıyor…
2026-04-07 11:50:08,028 [INFO] repys.db: DB açıldı: c:\Users\HP\Desktop\Yeni klasör\REPYS\RADPYS-1\data\repys.db
2026-04-07 11:50:08,029 [INFO] repys.db.migration: DB güncel (v1), migration gerek yok.
2026-04-07 11:54:16,188 [INFO] repys: REPYS 2.0 başlatılıyor…
2026-04-07 11:54:16,223 [INFO] repys.db: DB açıldı: c:\Users\HP\Desktop\Yeni klasör\REPYS\RADPYS-1\data\repys.db
2026-04-07 11:54:16,223 [INFO] repys.db.migration: DB güncel (v1), migration gerek yok.
2026-04-07 12:00:44,021 [INFO] repys.db: DB kapatıldı: c:\Users\HP\Desktop\Yeni klasör\REPYS\RADPYS-1\data\repys.db
2026-04-07 12:00:54,977 [INFO] repys: REPYS 2.0 başlatılıyor…
2026-04-07 12:00:54,987 [INFO] repys.db: DB açıldı: C:\Users\HP\Desktop\Yeni klasör\REPYS\RADPYS-1\data\repys.db
2026-04-07 12:00:54,987 [INFO] repys.db.migration: DB güncel (v1), migration gerek yok.
2026-04-07 12:00:57,992 [INFO] repys.db: DB kapatıldı: C:\Users\HP\Desktop\Yeni klasör\REPYS\RADPYS-1\data\repys.db
2026-04-07 12:01:03,755 [INFO] repys: REPYS 2.0 başlatılıyor…
2026-04-07 12:01:03,763 [INFO] repys.db: DB açıldı: C:\Users\HP\Desktop\Yeni klasör\REPYS\RADPYS-1\data\repys.db
2026-04-07 12:01:03,763 [INFO] repys.db.migration: DB güncel (v1), migration gerek yok.
2026-04-07 12:01:08,088 [INFO] repys.db: DB kapatıldı: C:\Users\HP\Desktop\Yeni klasör\REPYS\RADPYS-1\data\repys.db
2026-04-07 12:05:12,225 [INFO] repys: REPYS 2.0 başlatılıyor…
2026-04-07 12:05:12,245 [INFO] repys.db: DB açıldı: C:\Users\HP\Desktop\Yeni klasör\REPYS\RADPYS-1\data\repys.db
2026-04-07 12:05:12,245 [INFO] repys.db.migration: DB güncel (v1), migration gerek yok.
2026-04-07 12:05:15,111 [INFO] repys.db: DB kapatıldı: C:\Users\HP\Desktop\Yeni klasör\REPYS\RADPYS-1\data\repys.db
